<?xml version="1.0" encoding="UTF-8"?>
<!-- Generated by org.testng.reporters.JUnitReportReporter -->
<testsuite hostname="yusans-MacBook-Air.local" failures="0" tests="2" name="TestCases.ParraelTest" time="12.372" errors="0" timestamp="2022-04-28T11:30:09 EDT" skipped="0">
  <testcase classname="TestCases.ParraelTest" name="chromeTest" time="7.767"/>
  <system-out/>
  <testcase classname="TestCases.ParraelTest" name="SafaRiTest" time="4.605"/>
  <system-out/>
</testsuite> <!-- TestCases.ParraelTest -->
