<?xml version="1.0" encoding="UTF-8"?>
<!-- Generated by org.testng.reporters.JUnitReportReporter -->
<testsuite hostname="yusans-MacBook-Air.local" failures="0" tests="1" name="TestCases.HoMePage" time="14.042" errors="0" timestamp="2022-07-27T12:20:47 CDT" skipped="0">
  <testcase classname="TestCases.HoMePage" name="test" time="14.042"/>
  <system-out/>
</testsuite> <!-- TestCases.HoMePage -->
