<?xml version="1.0" encoding="UTF-8"?>
<!-- Generated by org.testng.reporters.JUnitReportReporter -->
<testsuite hostname="yusans-MacBook-Air.local" failures="0" tests="2" name="TestCases.SupplierTest" time="5.644" errors="0" timestamp="2022-05-12T09:46:56 EDT" skipped="1">
  <testcase classname="TestCases.SupplierTest" name="testCase" time="5.644"/>
  <system-out/>
  <testcase classname="TestCases.SupplierTest" name="testSelenium">
    <skipped/>
  </testcase> <!-- testSelenium -->
  <system-out/>
</testsuite> <!-- TestCases.SupplierTest -->
