<?xml version="1.0" encoding="UTF-8"?>
<!-- Generated by org.testng.reporters.JUnitReportReporter -->
<testsuite hostname="yusans-MacBook-Air.local" failures="0" tests="2" name="TestCases.PrametersTest" time="0.016" errors="0" timestamp="2022-05-07T19:23:05 EDT" skipped="0">
  <testcase classname="TestCases.PrametersTest" name="Concat" time="0.014"/>
  <system-out/>
  <testcase classname="TestCases.PrametersTest" name="sumOf" time="0.002"/>
  <system-out/>
</testsuite> <!-- TestCases.PrametersTest -->
