<?xml version="1.0" encoding="UTF-8"?>
<!-- Generated by org.testng.reporters.JUnitReportReporter -->
<testsuite hostname="yusans-MacBook-Air.local" failures="0" tests="1" name="TestCases.customerTest" time="70.595" errors="0" timestamp="2022-04-18T10:27:26 EDT" skipped="0">
  <testcase classname="TestCases.customerTest" name="custest" time="70.595"/>
  <system-out/>
</testsuite> <!-- TestCases.customerTest -->
