<?xml version="1.0" encoding="UTF-8"?>
<!-- Generated by org.testng.reporters.JUnitReportReporter -->
<testsuite hostname="yusans-MacBook-Air.local" failures="0" tests="1" name="TestCases.customerTest" time="15.393" errors="0" timestamp="2022-05-12T09:46:56 EDT" skipped="0">
  <testcase classname="TestCases.customerTest" name="login" time="15.393"/>
  <system-out/>
</testsuite> <!-- TestCases.customerTest -->
