<?xml version="1.0" encoding="UTF-8"?>
<!-- Generated by org.testng.reporters.JUnitReportReporter -->
<testsuite hostname="yusans-MacBook-Air.local" failures="0" tests="2" name="TestCases.groupsTest" time="0.016" errors="0" timestamp="2022-04-27T14:45:05 EDT" skipped="0">
  <testcase classname="TestCases.groupsTest" name="test2" time="0.015"/>
  <system-out/>
  <testcase classname="TestCases.groupsTest" name="test3" time="0.001"/>
  <system-out/>
</testsuite> <!-- TestCases.groupsTest -->
