<?xml version="1.0" encoding="UTF-8"?>
<!-- Generated by org.testng.reporters.JUnitReportReporter -->
<testsuite hostname="yusans-MacBook-Air.local" failures="0" tests="2" name="TestCases.groupsTest" time="0.015" errors="0" timestamp="2022-07-29T14:41:09 CDT" skipped="0">
  <testcase classname="TestCases.groupsTest" name="test2" time="0.013"/>
  <system-out/>
  <testcase classname="TestCases.groupsTest" name="test3" time="0.002"/>
  <system-out/>
</testsuite> <!-- TestCases.groupsTest -->
