<?xml version="1.0" encoding="UTF-8"?>
<!-- Generated by org.testng.reporters.JUnitReportReporter -->
<testsuite hostname="yusans-MacBook-Air.local" failures="0" tests="1" name="TestCases.SupplierTest" time="9.980" errors="0" timestamp="2022-04-18T10:11:40 EDT" skipped="0">
  <testcase classname="TestCases.SupplierTest" name="test" time="9.980"/>
  <system-out/>
</testsuite> <!-- TestCases.SupplierTest -->
