<?xml version="1.0" encoding="UTF-8"?>
<!-- Generated by org.testng.reporters.JUnitReportReporter -->
<testsuite hostname="yusans-MacBook-Air.local" failures="0" tests="1" name="TestCases.customerTest" time="17.076" errors="0" timestamp="2022-04-28T12:33:32 EDT" skipped="0">
  <testcase classname="TestCases.customerTest" name="login" time="17.076"/>
  <system-out/>
</testsuite> <!-- TestCases.customerTest -->
