<?xml version="1.0" encoding="UTF-8"?>
<!-- Generated by org.testng.reporters.JUnitReportReporter -->
<testsuite hostname="yusans-MacBook-Air.local" failures="0" tests="2" name="TestCases.groupsTest" time="0.014" errors="0" timestamp="2022-04-27T14:52:21 EDT" skipped="0">
  <testcase classname="TestCases.groupsTest" name="test2" time="0.012"/>
  <system-out/>
  <testcase classname="TestCases.groupsTest" name="test3" time="0.002"/>
  <system-out/>
</testsuite> <!-- TestCases.groupsTest -->
