<?xml version="1.0" encoding="UTF-8"?>
<!-- Generated by org.testng.reporters.JUnitReportReporter -->
<testsuite hostname="yusans-MacBook-Air.local" failures="0" tests="2" name="TestCases.SupplierTest" time="7.124" errors="0" timestamp="2022-04-27T14:52:21 EDT" skipped="1">
  <testcase classname="TestCases.SupplierTest" name="testCase" time="7.124"/>
  <system-out/>
  <testcase classname="TestCases.SupplierTest" name="testSelenium">
    <skipped/>
  </testcase> <!-- testSelenium -->
  <system-out/>
</testsuite> <!-- TestCases.SupplierTest -->
