<?xml version="1.0" encoding="UTF-8"?>
<!-- Generated by org.testng.reporters.JUnitReportReporter -->
<testsuite hostname="yusans-MacBook-Air.local" failures="0" tests="2" name="TestCases.ParraelTest" time="23.979" errors="0" timestamp="2022-05-02T22:36:32 EDT" skipped="0">
  <testcase classname="TestCases.ParraelTest" name="SafaRiTest" time="10.368"/>
  <system-out/>
  <testcase classname="TestCases.ParraelTest" name="chromeTest" time="13.611"/>
  <system-out/>
</testsuite> <!-- TestCases.ParraelTest -->
