<?xml version="1.0" encoding="UTF-8"?>
<!-- Generated by org.testng.reporters.JUnitReportReporter -->
<testsuite hostname="yusans-MacBook-Air.local" failures="0" tests="1" name="TestCases.customerTest" time="15.771" errors="0" timestamp="2022-05-03T18:58:27 EDT" skipped="0">
  <testcase classname="TestCases.customerTest" name="login" time="15.771"/>
  <system-out/>
</testsuite> <!-- TestCases.customerTest -->
