<?xml version="1.0" encoding="UTF-8"?>
<!-- Generated by org.testng.reporters.JUnitReportReporter -->
<testsuite hostname="yusans-MacBook-Air.local" failures="0" tests="2" name="TestCases.SupplierTest" time="7.566" errors="0" timestamp="2022-07-29T14:42:38 CDT" skipped="1">
  <testcase classname="TestCases.SupplierTest" name="testCase" time="7.566"/>
  <system-out/>
  <testcase classname="TestCases.SupplierTest" name="testSelenium">
    <skipped/>
  </testcase> <!-- testSelenium -->
  <system-out/>
</testsuite> <!-- TestCases.SupplierTest -->
