<?xml version="1.0" encoding="UTF-8"?>
<!-- Generated by org.testng.reporters.JUnitReportReporter -->
<testsuite hostname="yusans-MacBook-Air.local" failures="0" tests="1" name="TestCases.customerTest" time="14.555" errors="0" timestamp="2022-06-20T12:47:24 EDT" skipped="0">
  <testcase classname="TestCases.customerTest" name="login" time="14.555"/>
  <system-out/>
</testsuite> <!-- TestCases.customerTest -->
